2021-09-13 11:17:29,680 [Worker-7: Loading available Gradle versions] INFO  o.e.b.c.i.u.g.PublishedGradleVersions - Gradle version information cache is up-to-date. Trying to read.
2021-09-16 10:22:26,214 [Worker-498: Creating project "tpjson"] INFO  o.e.m.c.i.l.LifecycleMappingFactory - Using org.eclipse.m2e.jdt.JarLifecycleMapping lifecycle mapping for MavenProject: com.m2i.tpjson:tpjson:0.0.1-SNAPSHOT @ /Users/fgaurat/eclipse-2021-09-workspace/tpjson/pom.xml.
2021-09-16 10:22:26,873 [Worker-498: Creating project "tpjson"] INFO  o.e.m.j.i.AbstractJavaProjectConfigurator - Adding source folder /tpjson/src/main/java
2021-09-16 10:22:26,882 [Worker-498: Creating project "tpjson"] INFO  o.e.m.j.i.AbstractJavaProjectConfigurator - Adding resource folder /tpjson/src/main/resources
2021-09-16 10:22:26,883 [Worker-498: Creating project "tpjson"] INFO  o.e.m.j.i.AbstractJavaProjectConfigurator - Adding source folder /tpjson/src/test/java
2021-09-16 10:22:26,883 [Worker-498: Creating project "tpjson"] INFO  o.e.m.j.i.AbstractJavaProjectConfigurator - Adding resource folder /tpjson/src/test/resources
2021-09-16 10:22:28,040 [Worker-500: Building] WARN  o.e.m.c.i.embedder.EclipseLogger - Using platform encoding (UTF-8 actually) to copy filtered resources, i.e. build is platform dependent!
2021-09-16 10:22:28,076 [Worker-500: Building] INFO  o.e.m.c.i.embedder.EclipseLogger - Copying 0 resource
2021-09-16 10:22:28,078 [Worker-500: Building] WARN  o.e.m.c.i.embedder.EclipseLogger - Using platform encoding (UTF-8 actually) to copy filtered resources, i.e. build is platform dependent!
2021-09-16 10:22:28,079 [Worker-500: Building] INFO  o.e.m.c.i.embedder.EclipseLogger - Copying 0 resource
2021-09-16 10:33:02,971 [Worker-502: Building] INFO  o.e.m.c.i.l.LifecycleMappingFactory - Using org.eclipse.m2e.jdt.JarLifecycleMapping lifecycle mapping for MavenProject: com.m2i.tpjson:tpjson:0.0.1-SNAPSHOT @ /Users/fgaurat/eclipse-2021-09-workspace/tpjson/pom.xml.
2021-09-16 10:33:03,573 [Worker-502: Building] WARN  o.e.m.c.i.embedder.EclipseLogger - Using platform encoding (UTF-8 actually) to copy filtered resources, i.e. build is platform dependent!
2021-09-16 10:33:03,584 [Worker-502: Building] INFO  o.e.m.c.i.embedder.EclipseLogger - Copying 0 resource
2021-09-16 10:33:03,587 [Worker-502: Building] WARN  o.e.m.c.i.embedder.EclipseLogger - Using platform encoding (UTF-8 actually) to copy filtered resources, i.e. build is platform dependent!
2021-09-16 10:33:03,588 [Worker-502: Building] INFO  o.e.m.c.i.embedder.EclipseLogger - Copying 0 resource
2021-09-16 10:33:11,323 [Worker-500: reload maven project] INFO  o.e.m.c.i.e.AbstractTransferListenerAdapter - Downloading https://repo.maven.apache.org/maven2/com/google/code/gson/gson-parent/2.8.8/gson-parent-2.8.8.pom
2021-09-16 10:33:11,353 [Worker-500: reload maven project] INFO  o.e.m.c.i.e.AbstractTransferListenerAdapter - Downloaded https://repo.maven.apache.org/maven2/com/google/code/gson/gson-parent/2.8.8/gson-parent-2.8.8.pom
2021-09-16 10:33:11,365 [Worker-500: reload maven project] INFO  o.e.m.c.i.e.AbstractTransferListenerAdapter - Downloading https://repo.maven.apache.org/maven2/com/google/code/gson/gson/2.8.8/gson-2.8.8.jar
2021-09-16 10:33:11,418 [Worker-500: reload maven project] INFO  o.e.m.c.i.e.AbstractTransferListenerAdapter - Downloaded https://repo.maven.apache.org/maven2/com/google/code/gson/gson/2.8.8/gson-2.8.8.jar
2021-09-16 10:33:12,510 [Worker-503: Building] INFO  o.e.m.c.i.l.LifecycleMappingFactory - Using org.eclipse.m2e.jdt.JarLifecycleMapping lifecycle mapping for MavenProject: com.m2i.tpjson:tpjson:0.0.1-SNAPSHOT @ /Users/fgaurat/eclipse-2021-09-workspace/tpjson/pom.xml.
2021-09-16 10:33:12,751 [Worker-503: Building] WARN  o.e.m.c.i.embedder.EclipseLogger - Using platform encoding (UTF-8 actually) to copy filtered resources, i.e. build is platform dependent!
2021-09-16 10:33:12,754 [Worker-503: Building] INFO  o.e.m.c.i.embedder.EclipseLogger - Copying 0 resource
2021-09-16 10:33:12,757 [Worker-503: Building] WARN  o.e.m.c.i.embedder.EclipseLogger - Using platform encoding (UTF-8 actually) to copy filtered resources, i.e. build is platform dependent!
2021-09-16 10:33:12,758 [Worker-503: Building] INFO  o.e.m.c.i.embedder.EclipseLogger - Copying 0 resource
2021-09-16 10:33:13,690 [Worker-500: Download sources and javadoc] INFO  o.e.m.c.i.e.AbstractTransferListenerAdapter - Downloading https://repo.maven.apache.org/maven2/com/google/code/gson/gson/2.8.8/gson-2.8.8-sources.jar
2021-09-16 10:33:13,706 [Worker-500: Download sources and javadoc] INFO  o.e.m.c.i.e.AbstractTransferListenerAdapter - Downloaded https://repo.maven.apache.org/maven2/com/google/code/gson/gson/2.8.8/gson-2.8.8-sources.jar
2021-09-16 10:33:13,770 [Worker-500: Download sources and javadoc] INFO  o.e.m.j.internal.DownloadSourcesJob - Downloaded sources for com.google.code.gson:gson:2.8.8
2021-09-16 10:33:13,825 [Worker-499: Building] WARN  o.e.m.c.i.embedder.EclipseLogger - Using platform encoding (UTF-8 actually) to copy filtered resources, i.e. build is platform dependent!
2021-09-16 10:33:13,826 [Worker-499: Building] INFO  o.e.m.c.i.embedder.EclipseLogger - Copying 0 resource
2021-09-16 10:33:13,827 [Worker-499: Building] WARN  o.e.m.c.i.embedder.EclipseLogger - Using platform encoding (UTF-8 actually) to copy filtered resources, i.e. build is platform dependent!
2021-09-16 10:33:13,828 [Worker-499: Building] INFO  o.e.m.c.i.embedder.EclipseLogger - Copying 0 resource
2021-09-16 10:33:15,523 [Worker-504: Building] INFO  o.e.m.c.i.l.LifecycleMappingFactory - Using org.eclipse.m2e.jdt.JarLifecycleMapping lifecycle mapping for MavenProject: com.m2i.tpjson:tpjson:0.0.1-SNAPSHOT @ /Users/fgaurat/eclipse-2021-09-workspace/tpjson/pom.xml.
2021-09-16 10:33:15,879 [Worker-504: Building] WARN  o.e.m.c.i.embedder.EclipseLogger - Using platform encoding (UTF-8 actually) to copy filtered resources, i.e. build is platform dependent!
2021-09-16 10:33:15,885 [Worker-504: Building] INFO  o.e.m.c.i.embedder.EclipseLogger - Copying 0 resource
2021-09-16 10:33:15,888 [Worker-504: Building] WARN  o.e.m.c.i.embedder.EclipseLogger - Using platform encoding (UTF-8 actually) to copy filtered resources, i.e. build is platform dependent!
2021-09-16 10:33:15,895 [Worker-504: Building] INFO  o.e.m.c.i.embedder.EclipseLogger - Copying 0 resource
2021-09-16 10:33:22,235 [Worker-500: Building] INFO  o.e.m.c.i.l.LifecycleMappingFactory - Using org.eclipse.m2e.jdt.JarLifecycleMapping lifecycle mapping for MavenProject: com.m2i.tpjson:tpjson:0.0.1-SNAPSHOT @ /Users/fgaurat/eclipse-2021-09-workspace/tpjson/pom.xml.
2021-09-16 10:33:22,469 [Worker-500: Building] WARN  o.e.m.c.i.embedder.EclipseLogger - Using platform encoding (UTF-8 actually) to copy filtered resources, i.e. build is platform dependent!
2021-09-16 10:33:22,493 [Worker-500: Building] INFO  o.e.m.c.i.embedder.EclipseLogger - Copying 0 resource
2021-09-16 10:33:22,495 [Worker-500: Building] WARN  o.e.m.c.i.embedder.EclipseLogger - Using platform encoding (UTF-8 actually) to copy filtered resources, i.e. build is platform dependent!
2021-09-16 10:33:22,496 [Worker-500: Building] INFO  o.e.m.c.i.embedder.EclipseLogger - Copying 0 resource
2021-09-16 10:33:24,044 [Worker-500: Building] INFO  o.e.m.c.i.l.LifecycleMappingFactory - Using org.eclipse.m2e.jdt.JarLifecycleMapping lifecycle mapping for MavenProject: com.m2i.tpjson:tpjson:0.0.1-SNAPSHOT @ /Users/fgaurat/eclipse-2021-09-workspace/tpjson/pom.xml.
2021-09-16 10:33:24,237 [Worker-500: Building] WARN  o.e.m.c.i.embedder.EclipseLogger - Using platform encoding (UTF-8 actually) to copy filtered resources, i.e. build is platform dependent!
2021-09-16 10:33:24,239 [Worker-500: Building] INFO  o.e.m.c.i.embedder.EclipseLogger - Copying 0 resource
2021-09-16 10:33:24,241 [Worker-500: Building] WARN  o.e.m.c.i.embedder.EclipseLogger - Using platform encoding (UTF-8 actually) to copy filtered resources, i.e. build is platform dependent!
2021-09-16 10:33:24,254 [Worker-500: Building] INFO  o.e.m.c.i.embedder.EclipseLogger - Copying 0 resource
2021-09-16 10:33:32,042 [Worker-499: Building] INFO  o.e.m.c.i.l.LifecycleMappingFactory - Using org.eclipse.m2e.jdt.JarLifecycleMapping lifecycle mapping for MavenProject: com.m2i.tpjson:tpjson:0.0.1-SNAPSHOT @ /Users/fgaurat/eclipse-2021-09-workspace/tpjson/pom.xml.
2021-09-16 10:33:32,469 [Worker-499: Building] WARN  o.e.m.c.i.embedder.EclipseLogger - Using platform encoding (UTF-8 actually) to copy filtered resources, i.e. build is platform dependent!
2021-09-16 10:33:32,480 [Worker-499: Building] INFO  o.e.m.c.i.embedder.EclipseLogger - Copying 0 resource
2021-09-16 10:33:32,484 [Worker-499: Building] WARN  o.e.m.c.i.embedder.EclipseLogger - Using platform encoding (UTF-8 actually) to copy filtered resources, i.e. build is platform dependent!
2021-09-16 10:33:32,487 [Worker-499: Building] INFO  o.e.m.c.i.embedder.EclipseLogger - Copying 0 resource
2021-09-16 10:33:42,637 [Worker-504: Building] INFO  o.e.m.c.i.l.LifecycleMappingFactory - Using org.eclipse.m2e.jdt.JarLifecycleMapping lifecycle mapping for MavenProject: com.m2i.tpjson:tpjson:0.0.1-SNAPSHOT @ /Users/fgaurat/eclipse-2021-09-workspace/tpjson/pom.xml.
2021-09-16 10:33:42,806 [Worker-504: Building] WARN  o.e.m.c.i.embedder.EclipseLogger - Using platform encoding (UTF-8 actually) to copy filtered resources, i.e. build is platform dependent!
2021-09-16 10:33:42,808 [Worker-504: Building] INFO  o.e.m.c.i.embedder.EclipseLogger - Copying 0 resource
2021-09-16 10:33:42,810 [Worker-504: Building] WARN  o.e.m.c.i.embedder.EclipseLogger - Using platform encoding (UTF-8 actually) to copy filtered resources, i.e. build is platform dependent!
2021-09-16 10:33:42,811 [Worker-504: Building] INFO  o.e.m.c.i.embedder.EclipseLogger - Copying 0 resource
2021-09-16 10:33:44,553 [Worker-505: Building] INFO  o.e.m.c.i.l.LifecycleMappingFactory - Using org.eclipse.m2e.jdt.JarLifecycleMapping lifecycle mapping for MavenProject: com.m2i.tpjson:tpjson:0.0.1-SNAPSHOT @ /Users/fgaurat/eclipse-2021-09-workspace/tpjson/pom.xml.
2021-09-16 10:33:44,743 [Worker-505: Building] WARN  o.e.m.c.i.embedder.EclipseLogger - Using platform encoding (UTF-8 actually) to copy filtered resources, i.e. build is platform dependent!
2021-09-16 10:33:44,745 [Worker-505: Building] INFO  o.e.m.c.i.embedder.EclipseLogger - Copying 0 resource
2021-09-16 10:33:44,748 [Worker-505: Building] WARN  o.e.m.c.i.embedder.EclipseLogger - Using platform encoding (UTF-8 actually) to copy filtered resources, i.e. build is platform dependent!
2021-09-16 10:33:44,749 [Worker-505: Building] INFO  o.e.m.c.i.embedder.EclipseLogger - Copying 0 resource
2021-09-16 10:33:49,199 [Worker-505: Building] INFO  o.e.m.c.i.l.LifecycleMappingFactory - Using org.eclipse.m2e.jdt.JarLifecycleMapping lifecycle mapping for MavenProject: com.m2i.tpjson:tpjson:0.0.1-SNAPSHOT @ /Users/fgaurat/eclipse-2021-09-workspace/tpjson/pom.xml.
2021-09-16 10:33:49,429 [Worker-505: Building] WARN  o.e.m.c.i.embedder.EclipseLogger - Using platform encoding (UTF-8 actually) to copy filtered resources, i.e. build is platform dependent!
2021-09-16 10:33:49,432 [Worker-505: Building] INFO  o.e.m.c.i.embedder.EclipseLogger - Copying 0 resource
2021-09-16 10:33:49,441 [Worker-505: Building] WARN  o.e.m.c.i.embedder.EclipseLogger - Using platform encoding (UTF-8 actually) to copy filtered resources, i.e. build is platform dependent!
2021-09-16 10:33:49,445 [Worker-505: Building] INFO  o.e.m.c.i.embedder.EclipseLogger - Copying 0 resource
2021-09-16 10:33:52,854 [Worker-499: Building] INFO  o.e.m.c.i.l.LifecycleMappingFactory - Using org.eclipse.m2e.jdt.JarLifecycleMapping lifecycle mapping for MavenProject: com.m2i.tpjson:tpjson:0.0.1-SNAPSHOT @ /Users/fgaurat/eclipse-2021-09-workspace/tpjson/pom.xml.
2021-09-16 10:33:53,093 [Worker-499: Building] WARN  o.e.m.c.i.embedder.EclipseLogger - Using platform encoding (UTF-8 actually) to copy filtered resources, i.e. build is platform dependent!
2021-09-16 10:33:53,095 [Worker-499: Building] INFO  o.e.m.c.i.embedder.EclipseLogger - Copying 0 resource
2021-09-16 10:33:53,101 [Worker-499: Building] WARN  o.e.m.c.i.embedder.EclipseLogger - Using platform encoding (UTF-8 actually) to copy filtered resources, i.e. build is platform dependent!
2021-09-16 10:33:53,101 [Worker-499: Building] INFO  o.e.m.c.i.embedder.EclipseLogger - Copying 0 resource
2021-09-16 10:40:09,609 [Worker-506: Building] INFO  o.e.m.c.i.l.LifecycleMappingFactory - Using org.eclipse.m2e.jdt.JarLifecycleMapping lifecycle mapping for MavenProject: com.m2i.tpjson:tpjson:0.0.1-SNAPSHOT @ /Users/fgaurat/eclipse-2021-09-workspace/tpjson/pom.xml.
2021-09-16 10:40:09,847 [Worker-506: Building] WARN  o.e.m.c.i.embedder.EclipseLogger - Using platform encoding (UTF-8 actually) to copy filtered resources, i.e. build is platform dependent!
2021-09-16 10:40:09,862 [Worker-506: Building] INFO  o.e.m.c.i.embedder.EclipseLogger - Copying 0 resource
2021-09-16 10:40:09,865 [Worker-506: Building] WARN  o.e.m.c.i.embedder.EclipseLogger - Using platform encoding (UTF-8 actually) to copy filtered resources, i.e. build is platform dependent!
2021-09-16 10:40:09,866 [Worker-506: Building] INFO  o.e.m.c.i.embedder.EclipseLogger - Copying 0 resource
2021-09-16 10:40:35,830 [Worker-505: Building] INFO  o.e.m.c.i.l.LifecycleMappingFactory - Using org.eclipse.m2e.jdt.JarLifecycleMapping lifecycle mapping for MavenProject: com.m2i.tpjson:tpjson:0.0.1-SNAPSHOT @ /Users/fgaurat/eclipse-2021-09-workspace/tpjson/pom.xml.
2021-09-16 10:40:36,377 [Worker-505: Building] WARN  o.e.m.c.i.embedder.EclipseLogger - Using platform encoding (UTF-8 actually) to copy filtered resources, i.e. build is platform dependent!
2021-09-16 10:40:36,409 [Worker-505: Building] INFO  o.e.m.c.i.embedder.EclipseLogger - Copying 0 resource
2021-09-16 10:40:36,414 [Worker-505: Building] WARN  o.e.m.c.i.embedder.EclipseLogger - Using platform encoding (UTF-8 actually) to copy filtered resources, i.e. build is platform dependent!
2021-09-16 10:40:36,419 [Worker-505: Building] INFO  o.e.m.c.i.embedder.EclipseLogger - Copying 0 resource
2021-09-16 10:40:41,144 [Worker-510: Building] INFO  o.e.m.c.i.l.LifecycleMappingFactory - Using org.eclipse.m2e.jdt.JarLifecycleMapping lifecycle mapping for MavenProject: com.m2i.tpjson:tpjson:0.0.1-SNAPSHOT @ /Users/fgaurat/eclipse-2021-09-workspace/tpjson/pom.xml.
2021-09-16 10:40:41,323 [Worker-510: Building] WARN  o.e.m.c.i.embedder.EclipseLogger - Using platform encoding (UTF-8 actually) to copy filtered resources, i.e. build is platform dependent!
2021-09-16 10:40:41,325 [Worker-510: Building] INFO  o.e.m.c.i.embedder.EclipseLogger - Copying 0 resource
2021-09-16 10:40:41,327 [Worker-510: Building] WARN  o.e.m.c.i.embedder.EclipseLogger - Using platform encoding (UTF-8 actually) to copy filtered resources, i.e. build is platform dependent!
2021-09-16 10:40:41,328 [Worker-510: Building] INFO  o.e.m.c.i.embedder.EclipseLogger - Copying 0 resource
2021-09-16 11:02:12,694 [Worker-511: Building] WARN  o.e.m.c.i.embedder.EclipseLogger - Using platform encoding (UTF-8 actually) to copy filtered resources, i.e. build is platform dependent!
2021-09-16 11:02:12,801 [Worker-511: Building] INFO  o.e.m.c.i.embedder.EclipseLogger - Copying 0 resource
2021-09-16 11:02:12,805 [Worker-511: Building] WARN  o.e.m.c.i.embedder.EclipseLogger - Using platform encoding (UTF-8 actually) to copy filtered resources, i.e. build is platform dependent!
2021-09-16 11:02:12,806 [Worker-511: Building] INFO  o.e.m.c.i.embedder.EclipseLogger - Copying 0 resource
2021-09-16 11:03:59,722 [Worker-511: Building] WARN  o.e.m.c.i.embedder.EclipseLogger - Using platform encoding (UTF-8 actually) to copy filtered resources, i.e. build is platform dependent!
2021-09-16 11:03:59,723 [Worker-511: Building] INFO  o.e.m.c.i.embedder.EclipseLogger - Copying 0 resource
2021-09-16 11:03:59,725 [Worker-511: Building] WARN  o.e.m.c.i.embedder.EclipseLogger - Using platform encoding (UTF-8 actually) to copy filtered resources, i.e. build is platform dependent!
2021-09-16 11:03:59,726 [Worker-511: Building] INFO  o.e.m.c.i.embedder.EclipseLogger - Copying 0 resource
2021-09-16 11:04:37,460 [Worker-511: Building] WARN  o.e.m.c.i.embedder.EclipseLogger - Using platform encoding (UTF-8 actually) to copy filtered resources, i.e. build is platform dependent!
2021-09-16 11:04:37,461 [Worker-511: Building] INFO  o.e.m.c.i.embedder.EclipseLogger - Copying 0 resource
2021-09-16 11:04:37,462 [Worker-511: Building] WARN  o.e.m.c.i.embedder.EclipseLogger - Using platform encoding (UTF-8 actually) to copy filtered resources, i.e. build is platform dependent!
2021-09-16 11:04:37,463 [Worker-511: Building] INFO  o.e.m.c.i.embedder.EclipseLogger - Copying 0 resource
2021-09-16 11:05:01,410 [Worker-511: Building] WARN  o.e.m.c.i.embedder.EclipseLogger - Using platform encoding (UTF-8 actually) to copy filtered resources, i.e. build is platform dependent!
2021-09-16 11:05:01,412 [Worker-511: Building] INFO  o.e.m.c.i.embedder.EclipseLogger - Copying 0 resource
2021-09-16 11:05:01,414 [Worker-511: Building] WARN  o.e.m.c.i.embedder.EclipseLogger - Using platform encoding (UTF-8 actually) to copy filtered resources, i.e. build is platform dependent!
2021-09-16 11:05:01,415 [Worker-511: Building] INFO  o.e.m.c.i.embedder.EclipseLogger - Copying 0 resource
2021-09-16 11:05:27,590 [Worker-513: Building] WARN  o.e.m.c.i.embedder.EclipseLogger - Using platform encoding (UTF-8 actually) to copy filtered resources, i.e. build is platform dependent!
2021-09-16 11:05:27,594 [Worker-513: Building] INFO  o.e.m.c.i.embedder.EclipseLogger - Copying 0 resource
2021-09-16 11:05:27,595 [Worker-513: Building] WARN  o.e.m.c.i.embedder.EclipseLogger - Using platform encoding (UTF-8 actually) to copy filtered resources, i.e. build is platform dependent!
2021-09-16 11:05:27,595 [Worker-513: Building] INFO  o.e.m.c.i.embedder.EclipseLogger - Copying 0 resource
2021-09-16 11:05:35,728 [Worker-513: Building] WARN  o.e.m.c.i.embedder.EclipseLogger - Using platform encoding (UTF-8 actually) to copy filtered resources, i.e. build is platform dependent!
2021-09-16 11:05:35,731 [Worker-513: Building] INFO  o.e.m.c.i.embedder.EclipseLogger - Copying 0 resource
2021-09-16 11:05:35,732 [Worker-513: Building] WARN  o.e.m.c.i.embedder.EclipseLogger - Using platform encoding (UTF-8 actually) to copy filtered resources, i.e. build is platform dependent!
2021-09-16 11:05:35,733 [Worker-513: Building] INFO  o.e.m.c.i.embedder.EclipseLogger - Copying 0 resource
2021-09-16 11:05:37,581 [Worker-516: Building] WARN  o.e.m.c.i.embedder.EclipseLogger - Using platform encoding (UTF-8 actually) to copy filtered resources, i.e. build is platform dependent!
2021-09-16 11:05:37,582 [Worker-516: Building] INFO  o.e.m.c.i.embedder.EclipseLogger - Copying 0 resource
2021-09-16 11:05:37,584 [Worker-516: Building] WARN  o.e.m.c.i.embedder.EclipseLogger - Using platform encoding (UTF-8 actually) to copy filtered resources, i.e. build is platform dependent!
2021-09-16 11:05:37,585 [Worker-516: Building] INFO  o.e.m.c.i.embedder.EclipseLogger - Copying 0 resource
2021-09-16 11:06:07,418 [Worker-511: Building] WARN  o.e.m.c.i.embedder.EclipseLogger - Using platform encoding (UTF-8 actually) to copy filtered resources, i.e. build is platform dependent!
2021-09-16 11:06:07,419 [Worker-511: Building] INFO  o.e.m.c.i.embedder.EclipseLogger - Copying 0 resource
2021-09-16 11:06:07,420 [Worker-511: Building] WARN  o.e.m.c.i.embedder.EclipseLogger - Using platform encoding (UTF-8 actually) to copy filtered resources, i.e. build is platform dependent!
2021-09-16 11:06:07,422 [Worker-511: Building] INFO  o.e.m.c.i.embedder.EclipseLogger - Copying 0 resource
2021-09-16 11:06:14,866 [Worker-514: Building] WARN  o.e.m.c.i.embedder.EclipseLogger - Using platform encoding (UTF-8 actually) to copy filtered resources, i.e. build is platform dependent!
2021-09-16 11:06:14,868 [Worker-514: Building] INFO  o.e.m.c.i.embedder.EclipseLogger - Copying 0 resource
2021-09-16 11:06:14,869 [Worker-514: Building] WARN  o.e.m.c.i.embedder.EclipseLogger - Using platform encoding (UTF-8 actually) to copy filtered resources, i.e. build is platform dependent!
2021-09-16 11:06:14,870 [Worker-514: Building] INFO  o.e.m.c.i.embedder.EclipseLogger - Copying 0 resource
2021-09-16 11:07:32,563 [Worker-513: Building] WARN  o.e.m.c.i.embedder.EclipseLogger - Using platform encoding (UTF-8 actually) to copy filtered resources, i.e. build is platform dependent!
2021-09-16 11:07:32,568 [Worker-513: Building] INFO  o.e.m.c.i.embedder.EclipseLogger - Copying 0 resource
2021-09-16 11:07:32,569 [Worker-513: Building] WARN  o.e.m.c.i.embedder.EclipseLogger - Using platform encoding (UTF-8 actually) to copy filtered resources, i.e. build is platform dependent!
2021-09-16 11:07:32,571 [Worker-513: Building] INFO  o.e.m.c.i.embedder.EclipseLogger - Copying 0 resource
2021-09-16 11:07:41,766 [Worker-515: Building] WARN  o.e.m.c.i.embedder.EclipseLogger - Using platform encoding (UTF-8 actually) to copy filtered resources, i.e. build is platform dependent!
2021-09-16 11:07:41,768 [Worker-515: Building] INFO  o.e.m.c.i.embedder.EclipseLogger - Copying 0 resource
2021-09-16 11:07:41,770 [Worker-515: Building] WARN  o.e.m.c.i.embedder.EclipseLogger - Using platform encoding (UTF-8 actually) to copy filtered resources, i.e. build is platform dependent!
2021-09-16 11:07:41,770 [Worker-515: Building] INFO  o.e.m.c.i.embedder.EclipseLogger - Copying 0 resource
2021-09-16 11:07:53,598 [Worker-511: Building] WARN  o.e.m.c.i.embedder.EclipseLogger - Using platform encoding (UTF-8 actually) to copy filtered resources, i.e. build is platform dependent!
2021-09-16 11:07:53,599 [Worker-511: Building] INFO  o.e.m.c.i.embedder.EclipseLogger - Copying 0 resource
2021-09-16 11:07:53,601 [Worker-511: Building] WARN  o.e.m.c.i.embedder.EclipseLogger - Using platform encoding (UTF-8 actually) to copy filtered resources, i.e. build is platform dependent!
2021-09-16 11:07:53,601 [Worker-511: Building] INFO  o.e.m.c.i.embedder.EclipseLogger - Copying 0 resource
2021-09-16 11:12:22,446 [Worker-517: Building] WARN  o.e.m.c.i.embedder.EclipseLogger - Using platform encoding (UTF-8 actually) to copy filtered resources, i.e. build is platform dependent!
2021-09-16 11:12:22,474 [Worker-517: Building] INFO  o.e.m.c.i.embedder.EclipseLogger - Copying 0 resource
2021-09-16 11:12:22,476 [Worker-517: Building] WARN  o.e.m.c.i.embedder.EclipseLogger - Using platform encoding (UTF-8 actually) to copy filtered resources, i.e. build is platform dependent!
2021-09-16 11:12:22,476 [Worker-517: Building] INFO  o.e.m.c.i.embedder.EclipseLogger - Copying 0 resource
2021-09-16 11:12:26,079 [Worker-511: Building] WARN  o.e.m.c.i.embedder.EclipseLogger - Using platform encoding (UTF-8 actually) to copy filtered resources, i.e. build is platform dependent!
2021-09-16 11:12:26,082 [Worker-511: Building] INFO  o.e.m.c.i.embedder.EclipseLogger - Copying 0 resource
2021-09-16 11:12:26,083 [Worker-511: Building] WARN  o.e.m.c.i.embedder.EclipseLogger - Using platform encoding (UTF-8 actually) to copy filtered resources, i.e. build is platform dependent!
2021-09-16 11:12:26,084 [Worker-511: Building] INFO  o.e.m.c.i.embedder.EclipseLogger - Copying 0 resource
2021-09-16 11:12:40,827 [Worker-517: Building] WARN  o.e.m.c.i.embedder.EclipseLogger - Using platform encoding (UTF-8 actually) to copy filtered resources, i.e. build is platform dependent!
2021-09-16 11:12:40,828 [Worker-517: Building] INFO  o.e.m.c.i.embedder.EclipseLogger - Copying 0 resource
2021-09-16 11:12:40,831 [Worker-517: Building] WARN  o.e.m.c.i.embedder.EclipseLogger - Using platform encoding (UTF-8 actually) to copy filtered resources, i.e. build is platform dependent!
2021-09-16 11:12:40,854 [Worker-517: Building] INFO  o.e.m.c.i.embedder.EclipseLogger - Copying 0 resource
2021-09-16 11:13:52,566 [Worker-520: Building] WARN  o.e.m.c.i.embedder.EclipseLogger - Using platform encoding (UTF-8 actually) to copy filtered resources, i.e. build is platform dependent!
2021-09-16 11:13:52,567 [Worker-520: Building] INFO  o.e.m.c.i.embedder.EclipseLogger - Copying 0 resource
2021-09-16 11:13:52,568 [Worker-520: Building] WARN  o.e.m.c.i.embedder.EclipseLogger - Using platform encoding (UTF-8 actually) to copy filtered resources, i.e. build is platform dependent!
2021-09-16 11:13:52,569 [Worker-520: Building] INFO  o.e.m.c.i.embedder.EclipseLogger - Copying 0 resource
2021-09-16 11:14:44,390 [Worker-511: Building] WARN  o.e.m.c.i.embedder.EclipseLogger - Using platform encoding (UTF-8 actually) to copy filtered resources, i.e. build is platform dependent!
2021-09-16 11:14:44,392 [Worker-511: Building] INFO  o.e.m.c.i.embedder.EclipseLogger - Copying 0 resource
2021-09-16 11:14:44,393 [Worker-511: Building] WARN  o.e.m.c.i.embedder.EclipseLogger - Using platform encoding (UTF-8 actually) to copy filtered resources, i.e. build is platform dependent!
2021-09-16 11:14:44,394 [Worker-511: Building] INFO  o.e.m.c.i.embedder.EclipseLogger - Copying 0 resource
2021-09-16 11:15:14,130 [Worker-521: Building] WARN  o.e.m.c.i.embedder.EclipseLogger - Using platform encoding (UTF-8 actually) to copy filtered resources, i.e. build is platform dependent!
2021-09-16 11:15:14,131 [Worker-521: Building] INFO  o.e.m.c.i.embedder.EclipseLogger - Copying 0 resource
2021-09-16 11:15:14,132 [Worker-521: Building] WARN  o.e.m.c.i.embedder.EclipseLogger - Using platform encoding (UTF-8 actually) to copy filtered resources, i.e. build is platform dependent!
2021-09-16 11:15:14,133 [Worker-521: Building] INFO  o.e.m.c.i.embedder.EclipseLogger - Copying 0 resource
2021-09-16 11:15:19,850 [Worker-518: Building] WARN  o.e.m.c.i.embedder.EclipseLogger - Using platform encoding (UTF-8 actually) to copy filtered resources, i.e. build is platform dependent!
2021-09-16 11:15:19,851 [Worker-518: Building] INFO  o.e.m.c.i.embedder.EclipseLogger - Copying 0 resource
2021-09-16 11:15:19,853 [Worker-518: Building] WARN  o.e.m.c.i.embedder.EclipseLogger - Using platform encoding (UTF-8 actually) to copy filtered resources, i.e. build is platform dependent!
2021-09-16 11:15:19,853 [Worker-518: Building] INFO  o.e.m.c.i.embedder.EclipseLogger - Copying 0 resource
2021-09-16 11:18:54,161 [Worker-519: Building Workspace] WARN  o.e.m.c.i.embedder.EclipseLogger - Using platform encoding (UTF-8 actually) to copy filtered resources, i.e. build is platform dependent!
2021-09-16 11:18:54,167 [Worker-519: Building Workspace] INFO  o.e.m.c.i.embedder.EclipseLogger - Copying 0 resource
2021-09-16 11:18:54,168 [Worker-519: Building Workspace] WARN  o.e.m.c.i.embedder.EclipseLogger - Using platform encoding (UTF-8 actually) to copy filtered resources, i.e. build is platform dependent!
2021-09-16 11:18:54,169 [Worker-519: Building Workspace] INFO  o.e.m.c.i.embedder.EclipseLogger - Copying 0 resource
2021-09-16 11:19:05,177 [Worker-522: Building] WARN  o.e.m.c.i.embedder.EclipseLogger - Using platform encoding (UTF-8 actually) to copy filtered resources, i.e. build is platform dependent!
2021-09-16 11:19:05,179 [Worker-522: Building] INFO  o.e.m.c.i.embedder.EclipseLogger - Copying 0 resource
2021-09-16 11:19:05,182 [Worker-522: Building] WARN  o.e.m.c.i.embedder.EclipseLogger - Using platform encoding (UTF-8 actually) to copy filtered resources, i.e. build is platform dependent!
2021-09-16 11:19:05,187 [Worker-522: Building] INFO  o.e.m.c.i.embedder.EclipseLogger - Copying 0 resource
2021-09-16 11:19:08,395 [Worker-519: Building] WARN  o.e.m.c.i.embedder.EclipseLogger - Using platform encoding (UTF-8 actually) to copy filtered resources, i.e. build is platform dependent!
2021-09-16 11:19:08,397 [Worker-519: Building] INFO  o.e.m.c.i.embedder.EclipseLogger - Copying 0 resource
2021-09-16 11:19:08,398 [Worker-519: Building] WARN  o.e.m.c.i.embedder.EclipseLogger - Using platform encoding (UTF-8 actually) to copy filtered resources, i.e. build is platform dependent!
2021-09-16 11:19:08,398 [Worker-519: Building] INFO  o.e.m.c.i.embedder.EclipseLogger - Copying 0 resource
2021-09-16 11:19:44,338 [Worker-523: Building] WARN  o.e.m.c.i.embedder.EclipseLogger - Using platform encoding (UTF-8 actually) to copy filtered resources, i.e. build is platform dependent!
2021-09-16 11:19:44,347 [Worker-523: Building] INFO  o.e.m.c.i.embedder.EclipseLogger - Copying 0 resource
2021-09-16 11:19:44,349 [Worker-523: Building] WARN  o.e.m.c.i.embedder.EclipseLogger - Using platform encoding (UTF-8 actually) to copy filtered resources, i.e. build is platform dependent!
2021-09-16 11:19:44,349 [Worker-523: Building] INFO  o.e.m.c.i.embedder.EclipseLogger - Copying 0 resource
2021-09-16 11:22:25,726 [Worker-526: Building] WARN  o.e.m.c.i.embedder.EclipseLogger - Using platform encoding (UTF-8 actually) to copy filtered resources, i.e. build is platform dependent!
2021-09-16 11:22:25,754 [Worker-526: Building] INFO  o.e.m.c.i.embedder.EclipseLogger - Copying 0 resource
2021-09-16 11:22:25,755 [Worker-526: Building] WARN  o.e.m.c.i.embedder.EclipseLogger - Using platform encoding (UTF-8 actually) to copy filtered resources, i.e. build is platform dependent!
2021-09-16 11:22:25,756 [Worker-526: Building] INFO  o.e.m.c.i.embedder.EclipseLogger - Copying 0 resource
2021-09-16 11:22:46,805 [Worker-526: Building] WARN  o.e.m.c.i.embedder.EclipseLogger - Using platform encoding (UTF-8 actually) to copy filtered resources, i.e. build is platform dependent!
2021-09-16 11:22:46,815 [Worker-526: Building] INFO  o.e.m.c.i.embedder.EclipseLogger - Copying 0 resource
2021-09-16 11:22:46,816 [Worker-526: Building] WARN  o.e.m.c.i.embedder.EclipseLogger - Using platform encoding (UTF-8 actually) to copy filtered resources, i.e. build is platform dependent!
2021-09-16 11:22:46,817 [Worker-526: Building] INFO  o.e.m.c.i.embedder.EclipseLogger - Copying 0 resource
2021-09-16 11:22:55,102 [Worker-526: Building] WARN  o.e.m.c.i.embedder.EclipseLogger - Using platform encoding (UTF-8 actually) to copy filtered resources, i.e. build is platform dependent!
2021-09-16 11:22:55,104 [Worker-526: Building] INFO  o.e.m.c.i.embedder.EclipseLogger - Copying 0 resource
2021-09-16 11:22:55,105 [Worker-526: Building] WARN  o.e.m.c.i.embedder.EclipseLogger - Using platform encoding (UTF-8 actually) to copy filtered resources, i.e. build is platform dependent!
2021-09-16 11:22:55,106 [Worker-526: Building] INFO  o.e.m.c.i.embedder.EclipseLogger - Copying 0 resource
2021-09-16 11:22:58,047 [Worker-525: Building] WARN  o.e.m.c.i.embedder.EclipseLogger - Using platform encoding (UTF-8 actually) to copy filtered resources, i.e. build is platform dependent!
2021-09-16 11:22:58,050 [Worker-525: Building] INFO  o.e.m.c.i.embedder.EclipseLogger - Copying 0 resource
2021-09-16 11:22:58,053 [Worker-525: Building] WARN  o.e.m.c.i.embedder.EclipseLogger - Using platform encoding (UTF-8 actually) to copy filtered resources, i.e. build is platform dependent!
2021-09-16 11:22:58,054 [Worker-525: Building] INFO  o.e.m.c.i.embedder.EclipseLogger - Copying 0 resource
2021-09-16 11:23:13,126 [Worker-524: Building] WARN  o.e.m.c.i.embedder.EclipseLogger - Using platform encoding (UTF-8 actually) to copy filtered resources, i.e. build is platform dependent!
2021-09-16 11:23:13,127 [Worker-524: Building] INFO  o.e.m.c.i.embedder.EclipseLogger - Copying 0 resource
2021-09-16 11:23:13,128 [Worker-524: Building] WARN  o.e.m.c.i.embedder.EclipseLogger - Using platform encoding (UTF-8 actually) to copy filtered resources, i.e. build is platform dependent!
2021-09-16 11:23:13,128 [Worker-524: Building] INFO  o.e.m.c.i.embedder.EclipseLogger - Copying 0 resource
2021-09-16 11:23:17,337 [Worker-526: Building] WARN  o.e.m.c.i.embedder.EclipseLogger - Using platform encoding (UTF-8 actually) to copy filtered resources, i.e. build is platform dependent!
2021-09-16 11:23:17,343 [Worker-526: Building] INFO  o.e.m.c.i.embedder.EclipseLogger - Copying 0 resource
2021-09-16 11:23:17,345 [Worker-526: Building] WARN  o.e.m.c.i.embedder.EclipseLogger - Using platform encoding (UTF-8 actually) to copy filtered resources, i.e. build is platform dependent!
2021-09-16 11:23:17,345 [Worker-526: Building] INFO  o.e.m.c.i.embedder.EclipseLogger - Copying 0 resource
2021-09-16 11:23:38,982 [Worker-525: Building] WARN  o.e.m.c.i.embedder.EclipseLogger - Using platform encoding (UTF-8 actually) to copy filtered resources, i.e. build is platform dependent!
2021-09-16 11:23:39,015 [Worker-525: Building] INFO  o.e.m.c.i.embedder.EclipseLogger - Copying 0 resource
2021-09-16 11:23:39,016 [Worker-525: Building] WARN  o.e.m.c.i.embedder.EclipseLogger - Using platform encoding (UTF-8 actually) to copy filtered resources, i.e. build is platform dependent!
2021-09-16 11:23:39,033 [Worker-525: Building] INFO  o.e.m.c.i.embedder.EclipseLogger - Copying 0 resource
2021-09-16 11:24:32,616 [Worker-525: Building] WARN  o.e.m.c.i.embedder.EclipseLogger - Using platform encoding (UTF-8 actually) to copy filtered resources, i.e. build is platform dependent!
2021-09-16 11:24:32,625 [Worker-525: Building] INFO  o.e.m.c.i.embedder.EclipseLogger - Copying 0 resource
2021-09-16 11:24:32,626 [Worker-525: Building] WARN  o.e.m.c.i.embedder.EclipseLogger - Using platform encoding (UTF-8 actually) to copy filtered resources, i.e. build is platform dependent!
2021-09-16 11:24:32,627 [Worker-525: Building] INFO  o.e.m.c.i.embedder.EclipseLogger - Copying 0 resource
2021-09-16 11:24:35,117 [Worker-524: Building] WARN  o.e.m.c.i.embedder.EclipseLogger - Using platform encoding (UTF-8 actually) to copy filtered resources, i.e. build is platform dependent!
2021-09-16 11:24:35,118 [Worker-524: Building] INFO  o.e.m.c.i.embedder.EclipseLogger - Copying 0 resource
2021-09-16 11:24:35,120 [Worker-524: Building] WARN  o.e.m.c.i.embedder.EclipseLogger - Using platform encoding (UTF-8 actually) to copy filtered resources, i.e. build is platform dependent!
2021-09-16 11:24:35,121 [Worker-524: Building] INFO  o.e.m.c.i.embedder.EclipseLogger - Copying 0 resource
2021-09-16 11:24:52,746 [Worker-522: Building] WARN  o.e.m.c.i.embedder.EclipseLogger - Using platform encoding (UTF-8 actually) to copy filtered resources, i.e. build is platform dependent!
2021-09-16 11:24:52,750 [Worker-522: Building] INFO  o.e.m.c.i.embedder.EclipseLogger - Copying 0 resource
2021-09-16 11:24:52,751 [Worker-522: Building] WARN  o.e.m.c.i.embedder.EclipseLogger - Using platform encoding (UTF-8 actually) to copy filtered resources, i.e. build is platform dependent!
2021-09-16 11:24:52,753 [Worker-522: Building] INFO  o.e.m.c.i.embedder.EclipseLogger - Copying 0 resource
2021-09-16 11:25:44,691 [Worker-522: Building] WARN  o.e.m.c.i.embedder.EclipseLogger - Using platform encoding (UTF-8 actually) to copy filtered resources, i.e. build is platform dependent!
2021-09-16 11:25:44,692 [Worker-522: Building] INFO  o.e.m.c.i.embedder.EclipseLogger - Copying 0 resource
2021-09-16 11:25:44,696 [Worker-522: Building] WARN  o.e.m.c.i.embedder.EclipseLogger - Using platform encoding (UTF-8 actually) to copy filtered resources, i.e. build is platform dependent!
2021-09-16 11:25:44,697 [Worker-522: Building] INFO  o.e.m.c.i.embedder.EclipseLogger - Copying 0 resource
2021-09-16 11:25:48,871 [Worker-525: Building] WARN  o.e.m.c.i.embedder.EclipseLogger - Using platform encoding (UTF-8 actually) to copy filtered resources, i.e. build is platform dependent!
2021-09-16 11:25:48,876 [Worker-525: Building] INFO  o.e.m.c.i.embedder.EclipseLogger - Copying 0 resource
2021-09-16 11:25:48,886 [Worker-525: Building] WARN  o.e.m.c.i.embedder.EclipseLogger - Using platform encoding (UTF-8 actually) to copy filtered resources, i.e. build is platform dependent!
2021-09-16 11:25:48,887 [Worker-525: Building] INFO  o.e.m.c.i.embedder.EclipseLogger - Copying 0 resource
2021-09-16 11:27:29,220 [Worker-527: Building] WARN  o.e.m.c.i.embedder.EclipseLogger - Using platform encoding (UTF-8 actually) to copy filtered resources, i.e. build is platform dependent!
2021-09-16 11:27:29,221 [Worker-527: Building] INFO  o.e.m.c.i.embedder.EclipseLogger - Copying 0 resource
2021-09-16 11:27:29,222 [Worker-527: Building] WARN  o.e.m.c.i.embedder.EclipseLogger - Using platform encoding (UTF-8 actually) to copy filtered resources, i.e. build is platform dependent!
2021-09-16 11:27:29,223 [Worker-527: Building] INFO  o.e.m.c.i.embedder.EclipseLogger - Copying 0 resource
2021-09-16 11:27:40,409 [Worker-527: Building] WARN  o.e.m.c.i.embedder.EclipseLogger - Using platform encoding (UTF-8 actually) to copy filtered resources, i.e. build is platform dependent!
2021-09-16 11:27:40,410 [Worker-527: Building] INFO  o.e.m.c.i.embedder.EclipseLogger - Copying 0 resource
2021-09-16 11:27:40,411 [Worker-527: Building] WARN  o.e.m.c.i.embedder.EclipseLogger - Using platform encoding (UTF-8 actually) to copy filtered resources, i.e. build is platform dependent!
2021-09-16 11:27:40,412 [Worker-527: Building] INFO  o.e.m.c.i.embedder.EclipseLogger - Copying 0 resource
2021-09-16 11:27:48,530 [Worker-525: Building] WARN  o.e.m.c.i.embedder.EclipseLogger - Using platform encoding (UTF-8 actually) to copy filtered resources, i.e. build is platform dependent!
2021-09-16 11:27:48,539 [Worker-525: Building] INFO  o.e.m.c.i.embedder.EclipseLogger - Copying 0 resource
2021-09-16 11:27:48,541 [Worker-525: Building] WARN  o.e.m.c.i.embedder.EclipseLogger - Using platform encoding (UTF-8 actually) to copy filtered resources, i.e. build is platform dependent!
2021-09-16 11:27:48,541 [Worker-525: Building] INFO  o.e.m.c.i.embedder.EclipseLogger - Copying 0 resource
2021-09-16 11:28:00,359 [Worker-524: Building] WARN  o.e.m.c.i.embedder.EclipseLogger - Using platform encoding (UTF-8 actually) to copy filtered resources, i.e. build is platform dependent!
2021-09-16 11:28:00,360 [Worker-524: Building] INFO  o.e.m.c.i.embedder.EclipseLogger - Copying 0 resource
2021-09-16 11:28:00,361 [Worker-524: Building] WARN  o.e.m.c.i.embedder.EclipseLogger - Using platform encoding (UTF-8 actually) to copy filtered resources, i.e. build is platform dependent!
2021-09-16 11:28:00,362 [Worker-524: Building] INFO  o.e.m.c.i.embedder.EclipseLogger - Copying 0 resource
2021-09-16 11:28:01,651 [Worker-528: Building] WARN  o.e.m.c.i.embedder.EclipseLogger - Using platform encoding (UTF-8 actually) to copy filtered resources, i.e. build is platform dependent!
2021-09-16 11:28:01,652 [Worker-528: Building] INFO  o.e.m.c.i.embedder.EclipseLogger - Copying 0 resource
2021-09-16 11:28:01,653 [Worker-528: Building] WARN  o.e.m.c.i.embedder.EclipseLogger - Using platform encoding (UTF-8 actually) to copy filtered resources, i.e. build is platform dependent!
2021-09-16 11:28:01,654 [Worker-528: Building] INFO  o.e.m.c.i.embedder.EclipseLogger - Copying 0 resource
2021-09-16 11:28:56,405 [Worker-529: Building] WARN  o.e.m.c.i.embedder.EclipseLogger - Using platform encoding (UTF-8 actually) to copy filtered resources, i.e. build is platform dependent!
2021-09-16 11:28:56,406 [Worker-529: Building] INFO  o.e.m.c.i.embedder.EclipseLogger - Copying 0 resource
2021-09-16 11:28:56,407 [Worker-529: Building] WARN  o.e.m.c.i.embedder.EclipseLogger - Using platform encoding (UTF-8 actually) to copy filtered resources, i.e. build is platform dependent!
2021-09-16 11:28:56,407 [Worker-529: Building] INFO  o.e.m.c.i.embedder.EclipseLogger - Copying 0 resource
2021-09-16 11:29:01,941 [Worker-529: Building] WARN  o.e.m.c.i.embedder.EclipseLogger - Using platform encoding (UTF-8 actually) to copy filtered resources, i.e. build is platform dependent!
2021-09-16 11:29:01,945 [Worker-529: Building] INFO  o.e.m.c.i.embedder.EclipseLogger - Copying 0 resource
2021-09-16 11:29:01,949 [Worker-529: Building] WARN  o.e.m.c.i.embedder.EclipseLogger - Using platform encoding (UTF-8 actually) to copy filtered resources, i.e. build is platform dependent!
2021-09-16 11:29:01,951 [Worker-529: Building] INFO  o.e.m.c.i.embedder.EclipseLogger - Copying 0 resource
2021-09-16 11:29:26,775 [Worker-526: Building] WARN  o.e.m.c.i.embedder.EclipseLogger - Using platform encoding (UTF-8 actually) to copy filtered resources, i.e. build is platform dependent!
2021-09-16 11:29:26,776 [Worker-526: Building] INFO  o.e.m.c.i.embedder.EclipseLogger - Copying 0 resource
2021-09-16 11:29:26,777 [Worker-526: Building] WARN  o.e.m.c.i.embedder.EclipseLogger - Using platform encoding (UTF-8 actually) to copy filtered resources, i.e. build is platform dependent!
2021-09-16 11:29:26,778 [Worker-526: Building] INFO  o.e.m.c.i.embedder.EclipseLogger - Copying 0 resource
2021-09-16 11:29:57,563 [Worker-526: Building] WARN  o.e.m.c.i.embedder.EclipseLogger - Using platform encoding (UTF-8 actually) to copy filtered resources, i.e. build is platform dependent!
2021-09-16 11:29:57,564 [Worker-526: Building] INFO  o.e.m.c.i.embedder.EclipseLogger - Copying 0 resource
2021-09-16 11:29:57,565 [Worker-526: Building] WARN  o.e.m.c.i.embedder.EclipseLogger - Using platform encoding (UTF-8 actually) to copy filtered resources, i.e. build is platform dependent!
2021-09-16 11:29:57,566 [Worker-526: Building] INFO  o.e.m.c.i.embedder.EclipseLogger - Copying 0 resource
2021-09-16 11:30:21,874 [Worker-525: Building] WARN  o.e.m.c.i.embedder.EclipseLogger - Using platform encoding (UTF-8 actually) to copy filtered resources, i.e. build is platform dependent!
2021-09-16 11:30:21,875 [Worker-525: Building] INFO  o.e.m.c.i.embedder.EclipseLogger - Copying 0 resource
2021-09-16 11:30:21,875 [Worker-525: Building] WARN  o.e.m.c.i.embedder.EclipseLogger - Using platform encoding (UTF-8 actually) to copy filtered resources, i.e. build is platform dependent!
2021-09-16 11:30:21,876 [Worker-525: Building] INFO  o.e.m.c.i.embedder.EclipseLogger - Copying 0 resource
2021-09-16 11:30:32,565 [Worker-527: Building] WARN  o.e.m.c.i.embedder.EclipseLogger - Using platform encoding (UTF-8 actually) to copy filtered resources, i.e. build is platform dependent!
2021-09-16 11:30:32,566 [Worker-527: Building] INFO  o.e.m.c.i.embedder.EclipseLogger - Copying 0 resource
2021-09-16 11:30:32,567 [Worker-527: Building] WARN  o.e.m.c.i.embedder.EclipseLogger - Using platform encoding (UTF-8 actually) to copy filtered resources, i.e. build is platform dependent!
2021-09-16 11:30:32,567 [Worker-527: Building] INFO  o.e.m.c.i.embedder.EclipseLogger - Copying 0 resource
2021-09-16 11:30:56,935 [Worker-526: Building] WARN  o.e.m.c.i.embedder.EclipseLogger - Using platform encoding (UTF-8 actually) to copy filtered resources, i.e. build is platform dependent!
2021-09-16 11:30:56,936 [Worker-526: Building] INFO  o.e.m.c.i.embedder.EclipseLogger - Copying 0 resource
2021-09-16 11:30:56,937 [Worker-526: Building] WARN  o.e.m.c.i.embedder.EclipseLogger - Using platform encoding (UTF-8 actually) to copy filtered resources, i.e. build is platform dependent!
2021-09-16 11:30:56,938 [Worker-526: Building] INFO  o.e.m.c.i.embedder.EclipseLogger - Copying 0 resource
2021-09-16 11:32:59,609 [Worker-530: Building] WARN  o.e.m.c.i.embedder.EclipseLogger - Using platform encoding (UTF-8 actually) to copy filtered resources, i.e. build is platform dependent!
2021-09-16 11:32:59,611 [Worker-530: Building] INFO  o.e.m.c.i.embedder.EclipseLogger - Copying 0 resource
2021-09-16 11:32:59,613 [Worker-530: Building] WARN  o.e.m.c.i.embedder.EclipseLogger - Using platform encoding (UTF-8 actually) to copy filtered resources, i.e. build is platform dependent!
2021-09-16 11:32:59,616 [Worker-530: Building] INFO  o.e.m.c.i.embedder.EclipseLogger - Copying 0 resource
2021-09-16 11:33:53,610 [Worker-530: Building] WARN  o.e.m.c.i.embedder.EclipseLogger - Using platform encoding (UTF-8 actually) to copy filtered resources, i.e. build is platform dependent!
2021-09-16 11:33:53,611 [Worker-530: Building] INFO  o.e.m.c.i.embedder.EclipseLogger - Copying 0 resource
2021-09-16 11:33:53,612 [Worker-530: Building] WARN  o.e.m.c.i.embedder.EclipseLogger - Using platform encoding (UTF-8 actually) to copy filtered resources, i.e. build is platform dependent!
2021-09-16 11:33:53,622 [Worker-530: Building] INFO  o.e.m.c.i.embedder.EclipseLogger - Copying 0 resource
2021-09-16 11:34:32,960 [Worker-529: Building] WARN  o.e.m.c.i.embedder.EclipseLogger - Using platform encoding (UTF-8 actually) to copy filtered resources, i.e. build is platform dependent!
2021-09-16 11:34:32,961 [Worker-529: Building] INFO  o.e.m.c.i.embedder.EclipseLogger - Copying 0 resource
2021-09-16 11:34:32,962 [Worker-529: Building] WARN  o.e.m.c.i.embedder.EclipseLogger - Using platform encoding (UTF-8 actually) to copy filtered resources, i.e. build is platform dependent!
2021-09-16 11:34:32,963 [Worker-529: Building] INFO  o.e.m.c.i.embedder.EclipseLogger - Copying 0 resource
2021-09-16 11:34:47,086 [Worker-530: Building] WARN  o.e.m.c.i.embedder.EclipseLogger - Using platform encoding (UTF-8 actually) to copy filtered resources, i.e. build is platform dependent!
2021-09-16 11:34:47,087 [Worker-530: Building] INFO  o.e.m.c.i.embedder.EclipseLogger - Copying 0 resource
2021-09-16 11:34:47,087 [Worker-530: Building] WARN  o.e.m.c.i.embedder.EclipseLogger - Using platform encoding (UTF-8 actually) to copy filtered resources, i.e. build is platform dependent!
2021-09-16 11:34:47,088 [Worker-530: Building] INFO  o.e.m.c.i.embedder.EclipseLogger - Copying 0 resource
2021-09-16 11:35:10,166 [Worker-529: Building] WARN  o.e.m.c.i.embedder.EclipseLogger - Using platform encoding (UTF-8 actually) to copy filtered resources, i.e. build is platform dependent!
2021-09-16 11:35:10,169 [Worker-529: Building] INFO  o.e.m.c.i.embedder.EclipseLogger - Copying 0 resource
2021-09-16 11:35:10,170 [Worker-529: Building] WARN  o.e.m.c.i.embedder.EclipseLogger - Using platform encoding (UTF-8 actually) to copy filtered resources, i.e. build is platform dependent!
2021-09-16 11:35:10,171 [Worker-529: Building] INFO  o.e.m.c.i.embedder.EclipseLogger - Copying 0 resource
2021-09-16 11:35:23,820 [Worker-530: Building] WARN  o.e.m.c.i.embedder.EclipseLogger - Using platform encoding (UTF-8 actually) to copy filtered resources, i.e. build is platform dependent!
2021-09-16 11:35:23,822 [Worker-530: Building] INFO  o.e.m.c.i.embedder.EclipseLogger - Copying 0 resource
2021-09-16 11:35:23,823 [Worker-530: Building] WARN  o.e.m.c.i.embedder.EclipseLogger - Using platform encoding (UTF-8 actually) to copy filtered resources, i.e. build is platform dependent!
2021-09-16 11:35:23,823 [Worker-530: Building] INFO  o.e.m.c.i.embedder.EclipseLogger - Copying 0 resource
2021-09-16 11:35:31,268 [Worker-532: Building] WARN  o.e.m.c.i.embedder.EclipseLogger - Using platform encoding (UTF-8 actually) to copy filtered resources, i.e. build is platform dependent!
2021-09-16 11:35:31,270 [Worker-532: Building] INFO  o.e.m.c.i.embedder.EclipseLogger - Copying 0 resource
2021-09-16 11:35:31,271 [Worker-532: Building] WARN  o.e.m.c.i.embedder.EclipseLogger - Using platform encoding (UTF-8 actually) to copy filtered resources, i.e. build is platform dependent!
2021-09-16 11:35:31,272 [Worker-532: Building] INFO  o.e.m.c.i.embedder.EclipseLogger - Copying 0 resource
2021-09-16 11:35:54,491 [Worker-530: Building] WARN  o.e.m.c.i.embedder.EclipseLogger - Using platform encoding (UTF-8 actually) to copy filtered resources, i.e. build is platform dependent!
2021-09-16 11:35:54,491 [Worker-530: Building] INFO  o.e.m.c.i.embedder.EclipseLogger - Copying 0 resource
2021-09-16 11:35:54,492 [Worker-530: Building] WARN  o.e.m.c.i.embedder.EclipseLogger - Using platform encoding (UTF-8 actually) to copy filtered resources, i.e. build is platform dependent!
2021-09-16 11:35:54,493 [Worker-530: Building] INFO  o.e.m.c.i.embedder.EclipseLogger - Copying 0 resource
